# JRE version: OpenJDK Runtime Environment (8.0_242-b01) (build 1.8.0_242-release-1644-b01)
# Java VM: OpenJDK 64-Bit Server VM (25.242-b01 mixed mode windows-amd64 compressed oops)
Heap:
 PSYoungGen      total 227840K, used 145034K [0x00000000d5580000, 0x00000000e4800000, 0x0000000100000000)
  eden space 214016K, 67% used [0x00000000d5580000,0x00000000de322a30,0x00000000e2680000)
  from space 13824K, 0% used [0x00000000e2680000,0x00000000e2680000,0x00000000e3400000)
  to   space 13824K, 0% used [0x00000000e3400000,0x00000000e3400000,0x00000000e4180000)
 ParOldGen       total 75776K, used 36336K [0x0000000080000000, 0x0000000084a00000, 0x00000000d5580000)
  object space 75776K, 47% used [0x0000000080000000,0x000000008237c238,0x0000000084a00000)
 Metaspace       used 66686K, capacity 69340K, committed 69524K, reserved 1110016K
  class space    used 8819K, capacity 9344K, committed 9404K, reserved 1048576K
GC Heap History (10 events):
Event: 7.377 GC heap before
{Heap before GC invocations=12 (full 2):
 PSYoungGen      total 137728K, used 127488K [0x00000000d5580000, 0x00000000e2000000, 0x0000000100000000)
  eden space 127488K, 100% used [0x00000000d5580000,0x00000000dd200000,0x00000000dd200000)
  from space 10240K, 0% used [0x00000000dd200000,0x00000000dd200000,0x00000000ddc00000)
  to   space 12288K, 0% used [0x00000000e1400000,0x00000000e1400000,0x00000000e2000000)
 ParOldGen       total 75776K, used 18689K [0x0000000080000000, 0x0000000084a00000, 0x00000000d5580000)
  object space 75776K, 24% used [0x0000000080000000,0x0000000081240548,0x0000000084a00000)
 Metaspace       used 42657K, capacity 44338K, committed 44632K, reserved 1087488K
  class space    used 5765K, capacity 6168K, committed 6272K, reserved 1048576K
Event: 7.391 GC heap after
Heap after GC invocations=12 (full 2):
 PSYoungGen      total 180224K, used 12267K [0x00000000d5580000, 0x00000000e2000000, 0x0000000100000000)
  eden space 167936K, 0% used [0x00000000d5580000,0x00000000d5580000,0x00000000df980000)
  from space 12288K, 99% used [0x00000000e1400000,0x00000000e1ffaeb0,0x00000000e2000000)
  to   space 14848K, 0% used [0x00000000e0300000,0x00000000e0300000,0x00000000e1180000)
 ParOldGen       total 75776K, used 20523K [0x0000000080000000, 0x0000000084a00000, 0x00000000d5580000)
  object space 75776K, 27% used [0x0000000080000000,0x000000008140ac10,0x0000000084a00000)
 Metaspace       used 42657K, capacity 44338K, committed 44632K, reserved 1087488K
  class space    used 5765K, capacity 6168K, committed 6272K, reserved 1048576K
}
Event: 18.582 GC heap before
{Heap before GC invocations=13 (full 2):
 PSYoungGen      total 180224K, used 180203K [0x00000000d5580000, 0x00000000e2000000, 0x0000000100000000)
  eden space 167936K, 100% used [0x00000000d5580000,0x00000000df980000,0x00000000df980000)
  from space 12288K, 99% used [0x00000000e1400000,0x00000000e1ffaeb0,0x00000000e2000000)
  to   space 14848K, 0% used [0x00000000e0300000,0x00000000e0300000,0x00000000e1180000)
 ParOldGen       total 75776K, used 20523K [0x0000000080000000, 0x0000000084a00000, 0x00000000d5580000)
  object space 75776K, 27% used [0x0000000080000000,0x000000008140ac10,0x0000000084a00000)
 Metaspace       used 48149K, capacity 50178K, committed 50264K, reserved 1093632K
  class space    used 6333K, capacity 6758K, committed 6784K, reserved 1048576K
Event: 18.593 GC heap after
Heap after GC invocations=13 (full 2):
 PSYoungGen      total 192512K, used 6756K [0x00000000d5580000, 0x00000000e4180000, 0x0000000100000000)
  eden space 177664K, 0% used [0x00000000d5580000,0x00000000d5580000,0x00000000e0300000)
  from space 14848K, 45% used [0x00000000e0300000,0x00000000e0999100,0x00000000e1180000)
  to   space 13824K, 0% used [0x00000000e3400000,0x00000000e3400000,0x00000000e4180000)
 ParOldGen       total 75776K, used 28269K [0x0000000080000000, 0x0000000084a00000, 0x00000000d5580000)
  object space 75776K, 37% used [0x0000000080000000,0x0000000081b9b490,0x0000000084a00000)
 Metaspace       used 48149K, capacity 50178K, committed 50264K, reserved 1093632K
  class space    used 6333K, capacity 6758K, committed 6784K, reserved 1048576K
}
Event: 19.578 GC heap before
{Heap before GC invocations=14 (full 2):
 PSYoungGen      total 192512K, used 184420K [0x00000000d5580000, 0x00000000e4180000, 0x0000000100000000)
  eden space 177664K, 100% used [0x00000000d5580000,0x00000000e0300000,0x00000000e0300000)
  from space 14848K, 45% used [0x00000000e0300000,0x00000000e0999100,0x00000000e1180000)
  to   space 13824K, 0% used [0x00000000e3400000,0x00000000e3400000,0x00000000e4180000)
 ParOldGen       total 75776K, used 28269K [0x0000000080000000, 0x0000000084a00000, 0x00000000d5580000)
  object space 75776K, 37% used [0x0000000080000000,0x0000000081b9b490,0x0000000084a00000)
 Metaspace       used 48152K, capacity 50178K, committed 50264K, reserved 1093632K
  class space    used 6334K, capacity 6758K, committed 6784K, reserved 1048576K
Event: 19.582 GC heap after
Heap after GC invocations=14 (full 2):
 PSYoungGen      total 227840K, used 4344K [0x00000000d5580000, 0x00000000e4800000, 0x0000000100000000)
  eden space 214016K, 0% used [0x00000000d5580000,0x00000000d5580000,0x00000000e2680000)
  from space 13824K, 31% used [0x00000000e3400000,0x00000000e383e260,0x00000000e4180000)
  to   space 13824K, 0% used [0x00000000e2680000,0x00000000e2680000,0x00000000e3400000)
 ParOldGen       total 75776K, used 28277K [0x0000000080000000, 0x0000000084a00000, 0x00000000d5580000)
  object space 75776K, 37% used [0x0000000080000000,0x0000000081b9d490,0x0000000084a00000)
 Metaspace       used 48152K, capacity 50178K, committed 50264K, reserved 1093632K
  class space    used 6334K, capacity 6758K, committed 6784K, reserved 1048576K
}
Event: 22.758 GC heap before
{Heap before GC invocations=15 (full 2):
 PSYoungGen      total 227840K, used 136787K [0x00000000d5580000, 0x00000000e4800000, 0x0000000100000000)
  eden space 214016K, 61% used [0x00000000d5580000,0x00000000dd6d6c30,0x00000000e2680000)
  from space 13824K, 31% used [0x00000000e3400000,0x00000000e383e260,0x00000000e4180000)
  to   space 13824K, 0% used [0x00000000e2680000,0x00000000e2680000,0x00000000e3400000)
 ParOldGen       total 75776K, used 28277K [0x0000000080000000, 0x0000000084a00000, 0x00000000d5580000)
  object space 75776K, 37% used [0x0000000080000000,0x0000000081b9d490,0x0000000084a00000)
 Metaspace       used 56534K, capacity 58930K, committed 59028K, reserved 1099776K
  class space    used 7376K, capacity 7838K, committed 7868K, reserved 1048576K
Event: 22.780 GC heap after
Heap after GC invocations=15 (full 2):
 PSYoungGen      total 227840K, used 13816K [0x00000000d5580000, 0x00000000e4800000, 0x0000000100000000)
  eden space 214016K, 0% used [0x00000000d5580000,0x00000000d5580000,0x00000000e2680000)
  from space 13824K, 99% used [0x00000000e2680000,0x00000000e33fe370,0x00000000e3400000)
  to   space 13824K, 0% used [0x00000000e3400000,0x00000000e3400000,0x00000000e4180000)
 ParOldGen       total 75776K, used 30209K [0x0000000080000000, 0x0000000084a00000, 0x00000000d5580000)
  object space 75776K, 39% used [0x0000000080000000,0x0000000081d80438,0x0000000084a00000)
 Metaspace       used 56534K, capacity 58930K, committed 59028K, reserved 1099776K
  class space    used 7376K, capacity 7838K, committed 7868K, reserved 1048576K
}
Event: 22.780 GC heap before
{Heap before GC invocations=16 (full 3):
 PSYoungGen      total 227840K, used 13816K [0x00000000d5580000, 0x00000000e4800000, 0x0000000100000000)
  eden space 214016K, 0% used [0x00000000d5580000,0x00000000d5580000,0x00000000e2680000)
  from space 13824K, 99% used [0x00000000e2680000,0x00000000e33fe370,0x00000000e3400000)
  to   space 13824K, 0% used [0x00000000e3400000,0x00000000e3400000,0x00000000e4180000)
 ParOldGen       total 75776K, used 30209K [0x0000000080000000, 0x0000000084a00000, 0x00000000d5580000)
  object space 75776K, 39% used [0x0000000080000000,0x0000000081d80438,0x0000000084a00000)
 Metaspace       used 56534K, capacity 58930K, committed 59028K, reserved 1099776K
  class space    used 7376K, capacity 7838K, committed 7868K, reserved 1048576K
Event: 22.933 GC heap after
Heap after GC invocations=16 (full 3):
 PSYoungGen      total 227840K, used 0K [0x00000000d5580000, 0x00000000e4800000, 0x0000000100000000)
  eden space 214016K, 0% used [0x00000000d5580000,0x00000000d5580000,0x00000000e2680000)
  from space 13824K, 0% used [0x00000000e2680000,0x00000000e2680000,0x00000000e3400000)
  to   space 13824K, 0% used [0x00000000e3400000,0x00000000e3400000,0x00000000e4180000)
 ParOldGen       total 75776K, used 36336K [0x0000000080000000, 0x0000000084a00000, 0x00000000d5580000)
  object space 75776K, 47% used [0x0000000080000000,0x000000008237c238,0x0000000084a00000)
 Metaspace       used 56434K, capacity 58668K, committed 59028K, reserved 1099776K
  class space    used 7346K, capacity 7794K, committed 7868K, reserved 1048576K
}

